<?xml version="1.0" encoding="UTF-8"?>
<!-- Generated by org.testng.reporters.JUnitXMLReporter -->
<testsuite hostname="ubuntu" ignored="0" name="Default test" tests="2" failures="0" timestamp="01 out 2017 03:46:46 GMT" time="17.952" errors="0">
  <testcase name="testLoginInvalid" time="2.131" classname="br.ufrn.imd.ihc.identificationkey.tests.LoginTest"/>
  <testcase name="testLoginOk" time="1.56" classname="br.ufrn.imd.ihc.identificationkey.tests.LoginTest"/>
</testsuite> <!-- Default test -->
