<?xml version="1.0" encoding="UTF-8"?>
<testng-results skipped="0" failed="0" ignored="0" total="2" passed="2">
  <reporter-output>
  </reporter-output>
  <suite name="Default suite" duration-ms="17952" started-at="2017-10-01T03:46:28Z" finished-at="2017-10-01T03:46:46Z">
    <groups>
    </groups>
    <test name="Default test" duration-ms="17952" started-at="2017-10-01T03:46:28Z" finished-at="2017-10-01T03:46:46Z">
      <class name="br.ufrn.imd.ihc.identificationkey.tests.LoginTest">
        <test-method status="PASS" signature="setUp()[pri:0, instance:br.ufrn.imd.ihc.identificationkey.tests.LoginTest@7cd62f43]" name="setUp" is-config="true" duration-ms="14129" started-at="2017-10-01T00:46:28Z" finished-at="2017-10-01T00:46:42Z">
          <reporter-output>
          </reporter-output>
        </test-method> <!-- setUp -->
        <test-method status="PASS" signature="testLoginInvalid()[pri:0, instance:br.ufrn.imd.ihc.identificationkey.tests.LoginTest@7cd62f43]" name="testLoginInvalid" duration-ms="2131" started-at="2017-10-01T00:46:42Z" finished-at="2017-10-01T00:46:45Z">
          <reporter-output>
          </reporter-output>
        </test-method> <!-- testLoginInvalid -->
        <test-method status="PASS" signature="testLoginOk()[pri:0, instance:br.ufrn.imd.ihc.identificationkey.tests.LoginTest@7cd62f43]" name="testLoginOk" duration-ms="1560" started-at="2017-10-01T00:46:45Z" finished-at="2017-10-01T00:46:46Z">
          <reporter-output>
          </reporter-output>
        </test-method> <!-- testLoginOk -->
        <test-method status="PASS" signature="tearDown()[pri:0, instance:br.ufrn.imd.ihc.identificationkey.tests.LoginTest@7cd62f43]" name="tearDown" is-config="true" duration-ms="98" started-at="2017-10-01T00:46:46Z" finished-at="2017-10-01T00:46:46Z">
          <reporter-output>
          </reporter-output>
        </test-method> <!-- tearDown -->
      </class> <!-- br.ufrn.imd.ihc.identificationkey.tests.LoginTest -->
    </test> <!-- Default test -->
  </suite> <!-- Default suite -->
</testng-results>
